[0823/004047.773:ERROR:process_reader_win.cc(151)] SuspendThread: Access is denied. (0x5)
[0823/004047.776:ERROR:exception_snapshot_win.cc(98)] thread ID 29608 not found in process
[0823/004047.776:ERROR:scoped_process_suspend.cc(40)] NtResumeProcess: An attempt was made to access an exiting process. (0xc000010a)
[0823/165456.585:ERROR:process_memory_win.cc(73)] ReadMemory at 0x253b4fe69b0 of 32 bytes failed: Only part of a ReadProcessMemory or WriteProcessMemory request was completed. (0x12B)
[0823/165456.587:WARNING:pe_image_annotations_reader.cc(146)] could not read annotation at index 17 in C:\Program Files (x86)\Google\Chrome\Application\84.0.4147.125\chrome.dll
[0823/165456.605:ERROR:process_memory_win.cc(73)] ReadMemory at 0xe11cde6000 of 106496 bytes failed: Only part of a ReadProcessMemory or WriteProcessMemory request was completed. (0x12B)
[0823/165456.605:ERROR:process_memory_win.cc(73)] ReadMemory at 0xe11d5fd000 of 12288 bytes failed: Only part of a ReadProcessMemory or WriteProcessMemory request was completed. (0x12B)
[0823/165456.605:ERROR:process_memory_win.cc(73)] ReadMemory at 0xe11e5fc000 of 16384 bytes failed: Only part of a ReadProcessMemory or WriteProcessMemory request was completed. (0x12B)
[0823/165456.606:ERROR:process_memory_win.cc(73)] ReadMemory at 0xe11edfb000 of 20480 bytes failed: Only part of a ReadProcessMemory or WriteProcessMemory request was completed. (0x12B)
[0823/165456.606:ERROR:process_memory_win.cc(73)] ReadMemory at 0xe11f5fe000 of 8192 bytes failed: Only part of a ReadProcessMemory or WriteProcessMemory request was completed. (0x12B)
[0823/165456.606:ERROR:process_memory_win.cc(73)] ReadMemory at 0xe11fdfd000 of 12288 bytes failed: Only part of a ReadProcessMemory or WriteProcessMemory request was completed. (0x12B)
[0823/165456.606:ERROR:process_memory_win.cc(73)] ReadMemory at 0xe1205fb000 of 20480 bytes failed: Only part of a ReadProcessMemory or WriteProcessMemory request was completed. (0x12B)
[0823/165456.606:ERROR:process_memory_win.cc(73)] ReadMemory at 0xe1215fd000 of 12288 bytes failed: Only part of a ReadProcessMemory or WriteProcessMemory request was completed. (0x12B)
[0823/165456.607:ERROR:process_memory_win.cc(73)] ReadMemory at 0xe121df6000 of 40960 bytes failed: Only part of a ReadProcessMemory or WriteProcessMemory request was completed. (0x12B)
[0823/165456.607:ERROR:process_memory_win.cc(73)] ReadMemory at 0xe1225f4000 of 49152 bytes failed: Only part of a ReadProcessMemory or WriteProcessMemory request was completed. (0x12B)
[0823/165456.607:ERROR:process_memory_win.cc(73)] ReadMemory at 0xe122dfd000 of 12288 bytes failed: Only part of a ReadProcessMemory or WriteProcessMemory request was completed. (0x12B)
[0823/165456.607:ERROR:process_memory_win.cc(73)] ReadMemory at 0xe123df8000 of 32768 bytes failed: Only part of a ReadProcessMemory or WriteProcessMemory request was completed. (0x12B)
[0823/165456.608:ERROR:process_memory_win.cc(73)] ReadMemory at 0xe120dfd000 of 12288 bytes failed: Only part of a ReadProcessMemory or WriteProcessMemory request was completed. (0x12B)
[0823/165456.608:ERROR:process_memory_win.cc(73)] ReadMemory at 0xe1235fd000 of 12288 bytes failed: Only part of a ReadProcessMemory or WriteProcessMemory request was completed. (0x12B)
[0823/165456.608:ERROR:process_memory_win.cc(73)] ReadMemory at 0xe11ddff000 of 4096 bytes failed: Only part of a ReadProcessMemory or WriteProcessMemory request was completed. (0x12B)
[0823/165456.616:ERROR:process_memory_win.cc(73)] ReadMemory at 0xe11c402000 of 6024 bytes failed: Only part of a ReadProcessMemory or WriteProcessMemory request was completed. (0x12B)
[0823/165456.616:ERROR:process_memory_win.cc(73)] ReadMemory at 0xe11c404000 of 6024 bytes failed: Only part of a ReadProcessMemory or WriteProcessMemory request was completed. (0x12B)
[0823/165456.616:ERROR:process_memory_win.cc(73)] ReadMemory at 0xe11c406000 of 6024 bytes failed: Only part of a ReadProcessMemory or WriteProcessMemory request was completed. (0x12B)
[0823/165456.616:ERROR:process_memory_win.cc(73)] ReadMemory at 0xe11c408000 of 6024 bytes failed: Only part of a ReadProcessMemory or WriteProcessMemory request was completed. (0x12B)
[0823/165456.617:ERROR:process_memory_win.cc(73)] ReadMemory at 0xe11c40c000 of 6024 bytes failed: Only part of a ReadProcessMemory or WriteProcessMemory request was completed. (0x12B)
[0823/165456.617:ERROR:process_memory_win.cc(73)] ReadMemory at 0xe11c40e000 of 6024 bytes failed: Only part of a ReadProcessMemory or WriteProcessMemory request was completed. (0x12B)
[0823/165456.617:ERROR:process_memory_win.cc(73)] ReadMemory at 0xe11c410000 of 6024 bytes failed: Only part of a ReadProcessMemory or WriteProcessMemory request was completed. (0x12B)
[0823/165456.617:ERROR:process_memory_win.cc(73)] ReadMemory at 0xe11c418000 of 6024 bytes failed: Only part of a ReadProcessMemory or WriteProcessMemory request was completed. (0x12B)
[0823/165456.617:ERROR:process_memory_win.cc(73)] ReadMemory at 0xe11c5ee000 of 852 bytes failed: Only part of a ReadProcessMemory or WriteProcessMemory request was completed. (0x12B)
[0823/165456.617:ERROR:process_memory_win.cc(73)] ReadMemory at 0xe11c5ef000 of 6024 bytes failed: Only part of a ReadProcessMemory or WriteProcessMemory request was completed. (0x12B)
[0823/165456.617:ERROR:process_memory_win.cc(73)] ReadMemory at 0xe11c5f1000 of 6024 bytes failed: Only part of a ReadProcessMemory or WriteProcessMemory request was completed. (0x12B)
[0823/165456.617:ERROR:process_memory_win.cc(73)] ReadMemory at 0xe11c5f5000 of 6024 bytes failed: Only part of a ReadProcessMemory or WriteProcessMemory request was completed. (0x12B)
[0823/165456.618:ERROR:process_memory_win.cc(73)] ReadMemory at 0xe11c5f7000 of 6024 bytes failed: Only part of a ReadProcessMemory or WriteProcessMemory request was completed. (0x12B)
[0823/165456.618:ERROR:process_memory_win.cc(73)] ReadMemory at 0xe11c5f9000 of 6024 bytes failed: Only part of a ReadProcessMemory or WriteProcessMemory request was completed. (0x12B)
[0823/165456.618:ERROR:process_memory_win.cc(73)] ReadMemory at 0xe11c5fb000 of 6024 bytes failed: Only part of a ReadProcessMemory or WriteProcessMemory request was completed. (0x12B)
[0823/165456.618:ERROR:process_memory_win.cc(73)] ReadMemory at 0xe11c5fd000 of 6024 bytes failed: Only part of a ReadProcessMemory or WriteProcessMemory request was completed. (0x12B)
[0823/165456.618:ERROR:process_memory_win.cc(73)] ReadMemory at 0x253b4fc0fe0 of 5542 bytes failed: Only part of a ReadProcessMemory or WriteProcessMemory request was completed. (0x12B)
[0823/165456.618:ERROR:process_memory_win.cc(73)] ReadMemory at 0x253b4fc2590 of 1012 bytes failed: Only part of a ReadProcessMemory or WriteProcessMemory request was completed. (0x12B)
[0823/165456.619:ERROR:process_memory_win.cc(73)] ReadMemory at 0x253b4fc2bd8 of 118 bytes failed: Only part of a ReadProcessMemory or WriteProcessMemory request was completed. (0x12B)
[0823/165456.619:ERROR:process_memory_win.cc(73)] ReadMemory at 0x253b4fc2c50 of 1170 bytes failed: Only part of a ReadProcessMemory or WriteProcessMemory request was completed. (0x12B)
[0823/165456.619:ERROR:process_memory_win.cc(73)] ReadMemory at 0x253b4fc30e4 of 118 bytes failed: Only part of a ReadProcessMemory or WriteProcessMemory request was completed. (0x12B)
[0823/165456.619:ERROR:process_memory_win.cc(73)] ReadMemory at 0x253b4fc315c of 96 bytes failed: Only part of a ReadProcessMemory or WriteProcessMemory request was completed. (0x12B)
[0823/165456.619:ERROR:process_memory_win.cc(73)] ReadMemory at 0x253b4fc31d0 of 58 bytes failed: Only part of a ReadProcessMemory or WriteProcessMemory request was completed. (0x12B)
[0823/165456.619:ERROR:process_memory_win.cc(73)] ReadMemory at 0x253b4fc32d0 of 132 bytes failed: Only part of a ReadProcessMemory or WriteProcessMemory request was completed. (0x12B)
[0823/165456.619:ERROR:process_memory_win.cc(73)] ReadMemory at 0x253b4fc3460 of 132 bytes failed: Only part of a ReadProcessMemory or WriteProcessMemory request was completed. (0x12B)
[0823/165456.620:ERROR:process_memory_win.cc(73)] ReadMemory at 0x253b4fc3620 of 126 bytes failed: Only part of a ReadProcessMemory or WriteProcessMemory request was completed. (0x12B)
[0823/165456.620:ERROR:process_memory_win.cc(73)] ReadMemory at 0x253b4fc3a00 of 132 bytes failed: Only part of a ReadProcessMemory or WriteProcessMemory request was completed. (0x12B)
[0823/165456.620:ERROR:process_memory_win.cc(73)] ReadMemory at 0x253b4fc3b90 of 64 bytes failed: Only part of a ReadProcessMemory or WriteProcessMemory request was completed. (0x12B)
[0823/165456.620:ERROR:process_memory_win.cc(73)] ReadMemory at 0x253b4fc3d50 of 132 bytes failed: Only part of a ReadProcessMemory or WriteProcessMemory request was completed. (0x12B)
[0823/165456.620:ERROR:process_memory_win.cc(73)] ReadMemory at 0x253b4fc3ff0 of 132 bytes failed: Only part of a ReadProcessMemory or WriteProcessMemory request was completed. (0x12B)
[0823/165456.620:ERROR:process_memory_win.cc(73)] ReadMemory at 0x253b4fc4180 of 68 bytes failed: Only part of a ReadProcessMemory or WriteProcessMemory request was completed. (0x12B)
[0823/165456.620:ERROR:process_memory_win.cc(73)] ReadMemory at 0x253b4fc5320 of 132 bytes failed: Only part of a ReadProcessMemory or WriteProcessMemory request was completed. (0x12B)
[0823/165456.621:ERROR:process_memory_win.cc(73)] ReadMemory at 0x253b4fc54b0 of 154 bytes failed: Only part of a ReadProcessMemory or WriteProcessMemory request was completed. (0x12B)
[0823/165456.621:ERROR:process_memory_win.cc(73)] ReadMemory at 0x253b4fc6370 of 62 bytes failed: Only part of a ReadProcessMemory or WriteProcessMemory request was completed. (0x12B)
[0823/165456.621:ERROR:process_memory_win.cc(73)] ReadMemory at 0x253b4fc6560 of 132 bytes failed: Only part of a ReadProcessMemory or WriteProcessMemory request was completed. (0x12B)
[0823/165456.621:ERROR:process_memory_win.cc(73)] ReadMemory at 0x253b4fc6690 of 60 bytes failed: Only part of a ReadProcessMemory or WriteProcessMemory request was completed. (0x12B)
[0823/165456.621:ERROR:process_memory_win.cc(73)] ReadMemory at 0x253b4fcaee0 of 62 bytes failed: Only part of a ReadProcessMemory or WriteProcessMemory request was completed. (0x12B)
[0823/165456.622:ERROR:process_memory_win.cc(73)] ReadMemory at 0x253b4fcb85c of 512 bytes failed: Only part of a ReadProcessMemory or WriteProcessMemory request was completed. (0x12B)
[0823/165456.622:ERROR:process_memory_win.cc(73)] ReadMemory at 0x253b4fcf070 of 80 bytes failed: Only part of a ReadProcessMemory or WriteProcessMemory request was completed. (0x12B)
[0823/165456.622:ERROR:process_memory_win.cc(73)] ReadMemory at 0x253b4fd3a70 of 132 bytes failed: Only part of a ReadProcessMemory or WriteProcessMemory request was completed. (0x12B)
[0823/165456.622:ERROR:process_memory_win.cc(73)] ReadMemory at 0x253b4fd44e0 of 132 bytes failed: Only part of a ReadProcessMemory or WriteProcessMemory request was completed. (0x12B)
[0823/165456.622:ERROR:process_memory_win.cc(73)] ReadMemory at 0x253b4fd4700 of 132 bytes failed: Only part of a ReadProcessMemory or WriteProcessMemory request was completed. (0x12B)
[0823/165456.623:ERROR:process_memory_win.cc(73)] ReadMemory at 0x253b4fd4fd0 of 132 bytes failed: Only part of a ReadProcessMemory or WriteProcessMemory request was completed. (0x12B)
[0823/165456.623:ERROR:process_memory_win.cc(73)] ReadMemory at 0x253b4fd6b50 of 132 bytes failed: Only part of a ReadProcessMemory or WriteProcessMemory request was completed. (0x12B)
[0823/165456.623:ERROR:process_memory_win.cc(73)] ReadMemory at 0x253b4fd6c80 of 132 bytes failed: Only part of a ReadProcessMemory or WriteProcessMemory request was completed. (0x12B)
[0823/165456.623:ERROR:process_memory_win.cc(73)] ReadMemory at 0x253b4fd8700 of 54 bytes failed: Only part of a ReadProcessMemory or WriteProcessMemory request was completed. (0x12B)
[0823/165456.627:ERROR:process_memory_win.cc(73)] ReadMemory at 0x253b4fd9050 of 132 bytes failed: Only part of a ReadProcessMemory or WriteProcessMemory request was completed. (0x12B)
[0823/165456.627:ERROR:process_memory_win.cc(73)] ReadMemory at 0x253b4fda0e0 of 60 bytes failed: Only part of a ReadProcessMemory or WriteProcessMemory request was completed. (0x12B)
[0823/165456.628:ERROR:process_memory_win.cc(73)] ReadMemory at 0x253b4fda130 of 62 bytes failed: Only part of a ReadProcessMemory or WriteProcessMemory request was completed. (0x12B)
[0823/165456.628:ERROR:process_memory_win.cc(73)] ReadMemory at 0x253b4fda180 of 66 bytes failed: Only part of a ReadProcessMemory or WriteProcessMemory request was completed. (0x12B)
[0823/165456.628:ERROR:process_memory_win.cc(73)] ReadMemory at 0x253b4fda1d0 of 64 bytes failed: Only part of a ReadProcessMemory or WriteProcessMemory request was completed. (0x12B)
[0823/165456.628:ERROR:process_memory_win.cc(73)] ReadMemory at 0x253b4fda220 of 58 bytes failed: Only part of a ReadProcessMemory or WriteProcessMemory request was completed. (0x12B)
[0823/165456.628:ERROR:process_memory_win.cc(73)] ReadMemory at 0x253b4fda270 of 62 bytes failed: Only part of a ReadProcessMemory or WriteProcessMemory request was completed. (0x12B)
[0823/165456.628:ERROR:process_memory_win.cc(73)] ReadMemory at 0x253b4fda2c0 of 60 bytes failed: Only part of a ReadProcessMemory or WriteProcessMemory request was completed. (0x12B)
[0823/165456.628:ERROR:process_memory_win.cc(73)] ReadMemory at 0x253b4fda310 of 62 bytes failed: Only part of a ReadProcessMemory or WriteProcessMemory request was completed. (0x12B)
[0823/165456.629:ERROR:process_memory_win.cc(73)] ReadMemory at 0x253b4fda360 of 62 bytes failed: Only part of a ReadProcessMemory or WriteProcessMemory request was completed. (0x12B)
[0823/165456.629:ERROR:process_memory_win.cc(73)] ReadMemory at 0x253b4fda3b0 of 64 bytes failed: Only part of a ReadProcessMemory or WriteProcessMemory request was completed. (0x12B)
[0823/165456.629:ERROR:process_memory_win.cc(73)] ReadMemory at 0x253b4fda4f0 of 62 bytes failed: Only part of a ReadProcessMemory or WriteProcessMemory request was completed. (0x12B)
[0823/165456.629:ERROR:process_memory_win.cc(73)] ReadMemory at 0x253b4fda630 of 60 bytes failed: Only part of a ReadProcessMemory or WriteProcessMemory request was completed. (0x12B)
[0823/165456.629:ERROR:process_memory_win.cc(73)] ReadMemory at 0x253b4fda680 of 64 bytes failed: Only part of a ReadProcessMemory or WriteProcessMemory request was completed. (0x12B)
[0823/165456.629:ERROR:process_memory_win.cc(73)] ReadMemory at 0x253b4fda720 of 62 bytes failed: Only part of a ReadProcessMemory or WriteProcessMemory request was completed. (0x12B)
[0823/165456.629:ERROR:process_memory_win.cc(73)] ReadMemory at 0x253b4fda770 of 64 bytes failed: Only part of a ReadProcessMemory or WriteProcessMemory request was completed. (0x12B)
[0823/165456.629:ERROR:process_memory_win.cc(73)] ReadMemory at 0x253b4fda7c0 of 64 bytes failed: Only part of a ReadProcessMemory or WriteProcessMemory request was completed. (0x12B)
[0823/165456.629:ERROR:process_memory_win.cc(73)] ReadMemory at 0x253b4fda810 of 62 bytes failed: Only part of a ReadProcessMemory or WriteProcessMemory request was completed. (0x12B)
[0823/165456.629:ERROR:process_memory_win.cc(73)] ReadMemory at 0x253b4fda860 of 62 bytes failed: Only part of a ReadProcessMemory or WriteProcessMemory request was completed. (0x12B)
[0823/165456.629:ERROR:process_memory_win.cc(73)] ReadMemory at 0x253b4fda9f0 of 60 bytes failed: Only part of a ReadProcessMemory or WriteProcessMemory request was completed. (0x12B)
[0823/165456.630:ERROR:process_memory_win.cc(73)] ReadMemory at 0x253b4fdabd0 of 64 bytes failed: Only part of a ReadProcessMemory or WriteProcessMemory request was completed. (0x12B)
[0823/165456.630:ERROR:process_memory_win.cc(73)] ReadMemory at 0x253b4fdac20 of 60 bytes failed: Only part of a ReadProcessMemory or WriteProcessMemory request was completed. (0x12B)
[0823/165456.630:ERROR:process_memory_win.cc(73)] ReadMemory at 0x253b4fdac70 of 60 bytes failed: Only part of a ReadProcessMemory or WriteProcessMemory request was completed. (0x12B)
[0823/165456.630:ERROR:process_memory_win.cc(73)] ReadMemory at 0x253b4fdad10 of 62 bytes failed: Only part of a ReadProcessMemory or WriteProcessMemory request was completed. (0x12B)
[0823/165456.630:ERROR:process_memory_win.cc(73)] ReadMemory at 0x253b4fdadb0 of 66 bytes failed: Only part of a ReadProcessMemory or WriteProcessMemory request was completed. (0x12B)
[0823/165456.630:ERROR:process_memory_win.cc(73)] ReadMemory at 0x253b4fdae00 of 64 bytes failed: Only part of a ReadProcessMemory or WriteProcessMemory request was completed. (0x12B)
[0823/165456.630:ERROR:process_memory_win.cc(73)] ReadMemory at 0x253b4fdaea0 of 64 bytes failed: Only part of a ReadProcessMemory or WriteProcessMemory request was completed. (0x12B)
[0823/165456.630:ERROR:process_memory_win.cc(73)] ReadMemory at 0x253b4fdc590 of 132 bytes failed: Only part of a ReadProcessMemory or WriteProcessMemory request was completed. (0x12B)
[0823/165456.630:ERROR:process_memory_win.cc(73)] ReadMemory at 0x253b4fdc820 of 146 bytes failed: Only part of a ReadProcessMemory or WriteProcessMemory request was completed. (0x12B)
[0823/165456.630:ERROR:process_memory_win.cc(73)] ReadMemory at 0x253b4fde900 of 132 bytes failed: Only part of a ReadProcessMemory or WriteProcessMemory request was completed. (0x12B)
[0823/165456.631:ERROR:process_memory_win.cc(73)] ReadMemory at 0x253b4fdec50 of 132 bytes failed: Only part of a ReadProcessMemory or WriteProcessMemory request was completed. (0x12B)
[0823/165456.631:ERROR:process_memory_win.cc(73)] ReadMemory at 0x253b4fe1d70 of 76 bytes failed: Only part of a ReadProcessMemory or WriteProcessMemory request was completed. (0x12B)
[0823/165456.631:ERROR:process_memory_win.cc(73)] ReadMemory at 0x253b4fe2370 of 80 bytes failed: Only part of a ReadProcessMemory or WriteProcessMemory request was completed. (0x12B)
[0823/165456.631:ERROR:process_memory_win.cc(73)] ReadMemory at 0x253b4fe25a0 of 132 bytes failed: Only part of a ReadProcessMemory or WriteProcessMemory request was completed. (0x12B)
[0823/165456.631:ERROR:process_memory_win.cc(73)] ReadMemory at 0x253b4fe26d0 of 132 bytes failed: Only part of a ReadProcessMemory or WriteProcessMemory request was completed. (0x12B)
[0823/165456.631:ERROR:process_memory_win.cc(73)] ReadMemory at 0x253b4fe2800 of 132 bytes failed: Only part of a ReadProcessMemory or WriteProcessMemory request was completed. (0x12B)
[0823/165456.631:ERROR:process_memory_win.cc(73)] ReadMemory at 0x253b4fe2930 of 132 bytes failed: Only part of a ReadProcessMemory or WriteProcessMemory request was completed. (0x12B)
[0823/165456.631:ERROR:process_memory_win.cc(73)] ReadMemory at 0x253b4fe2b90 of 132 bytes failed: Only part of a ReadProcessMemory or WriteProcessMemory request was completed. (0x12B)
[0823/165456.631:ERROR:process_memory_win.cc(73)] ReadMemory at 0x253b4fe2cc0 of 132 bytes failed: Only part of a ReadProcessMemory or WriteProcessMemory request was completed. (0x12B)
[0823/165456.632:ERROR:process_memory_win.cc(73)] ReadMemory at 0x253b4fe2df0 of 132 bytes failed: Only part of a ReadProcessMemory or WriteProcessMemory request was completed. (0x12B)
[0823/165456.632:ERROR:process_memory_win.cc(73)] ReadMemory at 0x253b4fe2f20 of 132 bytes failed: Only part of a ReadProcessMemory or WriteProcessMemory request was completed. (0x12B)
[0823/165456.632:ERROR:process_memory_win.cc(73)] ReadMemory at 0x253b4fe3050 of 132 bytes failed: Only part of a ReadProcessMemory or WriteProcessMemory request was completed. (0x12B)
[0823/165456.632:ERROR:process_memory_win.cc(73)] ReadMemory at 0x253b4fe3180 of 132 bytes failed: Only part of a ReadProcessMemory or WriteProcessMemory request was completed. (0x12B)
[0823/165456.632:ERROR:process_memory_win.cc(73)] ReadMemory at 0x253b4fe32b0 of 132 bytes failed: Only part of a ReadProcessMemory or WriteProcessMemory request was completed. (0x12B)
[0823/165456.632:ERROR:process_memory_win.cc(73)] ReadMemory at 0x253b4fe33e0 of 132 bytes failed: Only part of a ReadProcessMemory or WriteProcessMemory request was completed. (0x12B)
[0823/165456.632:ERROR:process_memory_win.cc(73)] ReadMemory at 0x253b4fe4890 of 132 bytes failed: Only part of a ReadProcessMemory or WriteProcessMemory request was completed. (0x12B)
[0823/165456.633:ERROR:process_memory_win.cc(73)] ReadMemory at 0x253b4fe49c0 of 132 bytes failed: Only part of a ReadProcessMemory or WriteProcessMemory request was completed. (0x12B)
[0823/165456.633:ERROR:process_memory_win.cc(73)] ReadMemory at 0x253b4fe4af0 of 132 bytes failed: Only part of a ReadProcessMemory or WriteProcessMemory request was completed. (0x12B)
[0823/165456.633:ERROR:process_memory_win.cc(73)] ReadMemory at 0x253b4fe4c20 of 132 bytes failed: Only part of a ReadProcessMemory or WriteProcessMemory request was completed. (0x12B)
[0823/165456.633:ERROR:process_memory_win.cc(73)] ReadMemory at 0x253b4fe4d50 of 132 bytes failed: Only part of a ReadProcessMemory or WriteProcessMemory request was completed. (0x12B)
[0823/165456.633:ERROR:process_memory_win.cc(73)] ReadMemory at 0x253b4fe4fb0 of 132 bytes failed: Only part of a ReadProcessMemory or WriteProcessMemory request was completed. (0x12B)
[0823/165456.633:ERROR:process_memory_win.cc(73)] ReadMemory at 0x253b4fe50e0 of 132 bytes failed: Only part of a ReadProcessMemory or WriteProcessMemory request was completed. (0x12B)
[0823/165456.633:ERROR:process_memory_win.cc(73)] ReadMemory at 0x253b4fe5210 of 132 bytes failed: Only part of a ReadProcessMemory or WriteProcessMemory request was completed. (0x12B)
[0823/165456.633:ERROR:process_memory_win.cc(73)] ReadMemory at 0x253b4fe5340 of 132 bytes failed: Only part of a ReadProcessMemory or WriteProcessMemory request was completed. (0x12B)
[0823/165456.634:ERROR:process_memory_win.cc(73)] ReadMemory at 0x253b4fe5470 of 132 bytes failed: Only part of a ReadProcessMemory or WriteProcessMemory request was completed. (0x12B)
[0823/165456.634:ERROR:process_memory_win.cc(73)] ReadMemory at 0x253b4fe56d0 of 132 bytes failed: Only part of a ReadProcessMemory or WriteProcessMemory request was completed. (0x12B)
[0823/165456.634:ERROR:process_memory_win.cc(73)] ReadMemory at 0x253b4fe5930 of 132 bytes failed: Only part of a ReadProcessMemory or WriteProcessMemory request was completed. (0x12B)
[0823/165456.634:ERROR:process_memory_win.cc(73)] ReadMemory at 0x253b4fe5a60 of 132 bytes failed: Only part of a ReadProcessMemory or WriteProcessMemory request was completed. (0x12B)
[0823/165456.634:ERROR:process_memory_win.cc(73)] ReadMemory at 0x253b4fe5b90 of 132 bytes failed: Only part of a ReadProcessMemory or WriteProcessMemory request was completed. (0x12B)
[0823/165456.634:ERROR:process_memory_win.cc(73)] ReadMemory at 0x253b4fe5cc0 of 132 bytes failed: Only part of a ReadProcessMemory or WriteProcessMemory request was completed. (0x12B)
[0823/165456.634:ERROR:process_memory_win.cc(73)] ReadMemory at 0x253b4fe5df0 of 132 bytes failed: Only part of a ReadProcessMemory or WriteProcessMemory request was completed. (0x12B)
[0823/165456.634:ERROR:process_memory_win.cc(73)] ReadMemory at 0x253b4fe5f20 of 132 bytes failed: Only part of a ReadProcessMemory or WriteProcessMemory request was completed. (0x12B)
[0823/165456.634:ERROR:process_memory_win.cc(73)] ReadMemory at 0x253b4fe62b0 of 132 bytes failed: Only part of a ReadProcessMemory or WriteProcessMemory request was completed. (0x12B)
[0823/165456.635:ERROR:process_memory_win.cc(73)] ReadMemory at 0x253b4fe63e0 of 132 bytes failed: Only part of a ReadProcessMemory or WriteProcessMemory request was completed. (0x12B)
[0823/165456.635:ERROR:process_memory_win.cc(73)] ReadMemory at 0x253b4fe6510 of 132 bytes failed: Only part of a ReadProcessMemory or WriteProcessMemory request was completed. (0x12B)
[0823/165456.635:ERROR:process_memory_win.cc(73)] ReadMemory at 0x253b4fe6640 of 132 bytes failed: Only part of a ReadProcessMemory or WriteProcessMemory request was completed. (0x12B)
[0823/165456.635:ERROR:process_memory_win.cc(73)] ReadMemory at 0x253b4fe9980 of 512 bytes failed: Only part of a ReadProcessMemory or WriteProcessMemory request was completed. (0x12B)
[0823/165456.635:ERROR:process_memory_win.cc(73)] ReadMemory at 0x253b4ffd660 of 78 bytes failed: Only part of a ReadProcessMemory or WriteProcessMemory request was completed. (0x12B)
[0823/165456.635:ERROR:process_memory_win.cc(73)] ReadMemory at 0x253b50069c0 of 58 bytes failed: Only part of a ReadProcessMemory or WriteProcessMemory request was completed. (0x12B)
[0823/165456.635:ERROR:process_memory_win.cc(73)] ReadMemory at 0x253b5006bf0 of 58 bytes failed: Only part of a ReadProcessMemory or WriteProcessMemory request was completed. (0x12B)
[0823/165456.636:ERROR:process_memory_win.cc(73)] ReadMemory at 0x253b5006d30 of 60 bytes failed: Only part of a ReadProcessMemory or WriteProcessMemory request was completed. (0x12B)
[0823/165456.636:ERROR:process_memory_win.cc(73)] ReadMemory at 0x253b5006f60 of 64 bytes failed: Only part of a ReadProcessMemory or WriteProcessMemory request was completed. (0x12B)
[0823/165456.636:ERROR:process_memory_win.cc(73)] ReadMemory at 0x253b5006fb0 of 58 bytes failed: Only part of a ReadProcessMemory or WriteProcessMemory request was completed. (0x12B)
[0823/165456.636:ERROR:process_memory_win.cc(73)] ReadMemory at 0x253b5007050 of 62 bytes failed: Only part of a ReadProcessMemory or WriteProcessMemory request was completed. (0x12B)
[0823/165456.636:ERROR:process_memory_win.cc(73)] ReadMemory at 0x253b50070a0 of 62 bytes failed: Only part of a ReadProcessMemory or WriteProcessMemory request was completed. (0x12B)
[0823/165456.636:ERROR:process_memory_win.cc(73)] ReadMemory at 0x253b5007190 of 66 bytes failed: Only part of a ReadProcessMemory or WriteProcessMemory request was completed. (0x12B)
[0823/165456.636:ERROR:process_memory_win.cc(73)] ReadMemory at 0x253b5007730 of 62 bytes failed: Only part of a ReadProcessMemory or WriteProcessMemory request was completed. (0x12B)
[0823/165456.637:ERROR:process_memory_win.cc(73)] ReadMemory at 0x253b5007780 of 60 bytes failed: Only part of a ReadProcessMemory or WriteProcessMemory request was completed. (0x12B)
[0823/165456.637:ERROR:process_memory_win.cc(73)] ReadMemory at 0x253b503f590 of 512 bytes failed: Only part of a ReadProcessMemory or WriteProcessMemory request was completed. (0x12B)
[0823/165456.637:ERROR:process_memory_win.cc(73)] ReadMemory at 0x253b5052b70 of 512 bytes failed: Only part of a ReadProcessMemory or WriteProcessMemory request was completed. (0x12B)
[0823/165456.637:ERROR:process_memory_win.cc(73)] ReadMemory at 0x253b5059310 of 512 bytes failed: Only part of a ReadProcessMemory or WriteProcessMemory request was completed. (0x12B)
[0823/165456.637:ERROR:process_memory_win.cc(73)] ReadMemory at 0x253b505c980 of 800 bytes failed: Only part of a ReadProcessMemory or WriteProcessMemory request was completed. (0x12B)
[0823/165456.637:ERROR:process_memory_win.cc(73)] ReadMemory at 0x253b5076150 of 512 bytes failed: Only part of a ReadProcessMemory or WriteProcessMemory request was completed. (0x12B)
[0823/165456.637:ERROR:process_memory_win.cc(73)] ReadMemory at 0x253b50a4ae0 of 512 bytes failed: Only part of a ReadProcessMemory or WriteProcessMemory request was completed. (0x12B)
[0823/165456.637:ERROR:process_memory_win.cc(73)] ReadMemory at 0x253b50a5fa0 of 512 bytes failed: Only part of a ReadProcessMemory or WriteProcessMemory request was completed. (0x12B)
[0823/165456.637:ERROR:process_memory_win.cc(73)] ReadMemory at 0x253b5111e40 of 512 bytes failed: Only part of a ReadProcessMemory or WriteProcessMemory request was completed. (0x12B)
[0823/165456.638:ERROR:process_memory_win.cc(73)] ReadMemory at 0x253b6b40000 of 384 bytes failed: Only part of a ReadProcessMemory or WriteProcessMemory request was completed. (0x12B)
[0823/165456.638:ERROR:process_memory_win.cc(73)] ReadMemory at 0x253b6ca4650 of 712 bytes failed: Only part of a ReadProcessMemory or WriteProcessMemory request was completed. (0x12B)
[0823/165456.638:ERROR:process_memory_win.cc(73)] ReadMemory at 0x253b6cc2e18 of 512 bytes failed: Only part of a ReadProcessMemory or WriteProcessMemory request was completed. (0x12B)
[0823/165456.638:ERROR:process_memory_win.cc(73)] ReadMemory at 0x253b6d9f1b8 of 512 bytes failed: Only part of a ReadProcessMemory or WriteProcessMemory request was completed. (0x12B)
[0823/165456.638:ERROR:process_memory_win.cc(73)] ReadMemory at 0x253b7d42990 of 512 bytes failed: Only part of a ReadProcessMemory or WriteProcessMemory request was completed. (0x12B)
[0823/165456.638:ERROR:process_memory_win.cc(73)] ReadMemory at 0x253b7d752a0 of 512 bytes failed: Only part of a ReadProcessMemory or WriteProcessMemory request was completed. (0x12B)
[0823/165456.638:ERROR:process_memory_win.cc(73)] ReadMemory at 0x253b7ee42e0 of 512 bytes failed: Only part of a ReadProcessMemory or WriteProcessMemory request was completed. (0x12B)
[0823/165456.638:ERROR:process_memory_win.cc(73)] ReadMemory at 0x253b8b9cfc0 of 512 bytes failed: Only part of a ReadProcessMemory or WriteProcessMemory request was completed. (0x12B)
[0823/165456.654:ERROR:scoped_process_suspend.cc(40)] NtResumeProcess: An attempt was made to access an exiting process. (0xc000010a)
[0823/182416.437:ERROR:scoped_process_suspend.cc(40)] NtResumeProcess: An attempt was made to access an exiting process. (0xc000010a)
